LaTeX Compilation Errors Found:

! Undefined control sequence.
l.32 ...rt. At short lag times ($\Delta t \lesssim
1$ s), all vortex systems...

? [1]

LaTeX Warning: Reference `fig:vacf' on page 2 undefined on input line 62.

[2]
Missing character: There is no β (U+03B2) in font [lmroman10-regular]:mapping=t
ex-text;!
Missing character: There is no β (U+03B2) in font [lmroman10-regular]:mapping=t
ex-text;!

LaTeX Warning: Reference `fig:residence_times' on page 3 undefined on input lin
e 75.


LaTeX Warning: Reference `tab:residence_exponents' on page 3 undefined on input
line 77.


Overfull \hbox (14.0546pt too wide) in paragraph at lines 77--78
[]\TU/lmr/m/n/10 For all vortex configurations, the distributions exhibit power
-law tails, $\OML/cmm/m/it/10 P\OT1/cmr/m/n/10 (\OML/cmm/m/it/10 ^^\[]\OT1/cmr/
m/n/10 ) \OMS/cmsy/m/n/10 ^^X
[3]

LaTeX Warning: Reference `fig:pdfs' on page 4 undefined on input line 104.

[4] [5]

LaTeX Warning: Reference `fig:ergodicity' on page 6 undefined on input line 119
.


LaTeX Warning: Reference `fig:regime_map' on page 6 undefined on input line 132
.

[6]
Overfull \hbox (1.07pt too wide) in paragraph at lines 136--137
[]\TU/lmr/m/n/10 This result demonstrates that despite the remarkable kinematic
similarities—
Missing character: There is no α (U+03B1) in font [lmroman10-regular]:mapping=t
ex-text;!
Missing character: There is no α (U+03B1) in font [lmroman10-regular]:mapping=t
ex-text;!
Missing character: There is no α (U+03B1) in font [lmroman10-regular]:mapping=t
ex-text;!
Missing character: There is no α (U+03B1) in font [lmroman10-regular]:mapping=t
ex-text;!
[7] [8] (./Results.aux)

LaTeX Warning: There were undefined references.


LaTeX Warning: Label(s) may have changed. Rerun to get cross-references right.


! Undefined control sequence.
l.32 ...rt. At short lag times ($\Delta t \lesssim
0.5$ s), all vortex syste...

?
LaTeX Warning: File `../input_files/plots/fig2_msd_scaling_1777306297.png' not
found on input line 38.


! Unable to load picture or PDF file '../input_files/plots/fig2_msd_scaling_177
7306297.png'.
<to be read again>
}
l.38 ...les/plots/fig2_msd_scaling_1777306297.png}

?

! Emergency stop.
<to be read again>
}
l.38 ...les/plots/fig2_msd_scaling_1777306297.png}

No pages of output.
Transcript written on Results_refined.log.
---- STDERR ----
---- STDOUT ----
This is XeTeX, Version 3.141592653-2.6-0.999994 (TeX Live 2022/Debian) (preloaded format=xelatex)
restricted \write18 enabled.
entering extended mode

! Unable to load picture or PDF file '../input_files/plots/fig2_msd_scaling_177
7306297.png'.
<to be read again>
}
l.38 ...les/plots/fig2_msd_scaling_1777306297.png}

?

! Package graphics Error: Division by 0.

See the graphics package documentation for explanation.
Type  H <return>  for immediate help.
...

l.38 ...les/plots/fig2_msd_scaling_1777306297.png}

?

! Emergency stop.
...

l.38 ...les/plots/fig2_msd_scaling_1777306297.png}

No pages of output.
Transcript written on Results_refined_v1.log.
---- STDERR ----

